AdminPage : 2021-05-11 13:03:59,525 : base_page.py : INFO : Открыта страница: http://demo-opencart.ru
root : 2021-05-11 13:04:01,856 : conftest.py : ERROR : Message: no such element: Unable to locate element: {"method":"css selector","selector":"#menu-catalog"}
  (Session info: chrome=89.0.4389.72)
Traceback (most recent call last):
  File "/home/cg/.local/share/virtualenvs/python_selenium_qa--LezlIlg/lib/python3.9/site-packages/selenium/webdriver/support/event_firing_webdriver.py", line 157, in _dispatch
    result = getattr(self._driver, d_call)(*d_args)
  File "/home/cg/.local/share/virtualenvs/python_selenium_qa--LezlIlg/lib/python3.9/site-packages/selenium/webdriver/remote/webdriver.py", line 976, in find_element
    return self.execute(Command.FIND_ELEMENT, {
  File "/home/cg/.local/share/virtualenvs/python_selenium_qa--LezlIlg/lib/python3.9/site-packages/selenium/webdriver/remote/webdriver.py", line 321, in execute
    self.error_handler.check_response(response)
  File "/home/cg/.local/share/virtualenvs/python_selenium_qa--LezlIlg/lib/python3.9/site-packages/selenium/webdriver/remote/errorhandler.py", line 242, in check_response
    raise exception_class(message, screen, stacktrace)
selenium.common.exceptions.NoSuchElementException: Message: no such element: Unable to locate element: {"method":"css selector","selector":"#menu-catalog"}
  (Session info: chrome=89.0.4389.72)

root : 2021-05-11 13:04:02,585 : conftest.py : ERROR : Message: no such element: Unable to locate element: {"method":"css selector","selector":"#menu-catalog"}
  (Session info: chrome=89.0.4389.72)
Traceback (most recent call last):
  File "/home/cg/.local/share/virtualenvs/python_selenium_qa--LezlIlg/lib/python3.9/site-packages/selenium/webdriver/support/event_firing_webdriver.py", line 157, in _dispatch
    result = getattr(self._driver, d_call)(*d_args)
  File "/home/cg/.local/share/virtualenvs/python_selenium_qa--LezlIlg/lib/python3.9/site-packages/selenium/webdriver/remote/webdriver.py", line 976, in find_element
    return self.execute(Command.FIND_ELEMENT, {
  File "/home/cg/.local/share/virtualenvs/python_selenium_qa--LezlIlg/lib/python3.9/site-packages/selenium/webdriver/remote/webdriver.py", line 321, in execute
    self.error_handler.check_response(response)
  File "/home/cg/.local/share/virtualenvs/python_selenium_qa--LezlIlg/lib/python3.9/site-packages/selenium/webdriver/remote/errorhandler.py", line 242, in check_response
    raise exception_class(message, screen, stacktrace)
selenium.common.exceptions.NoSuchElementException: Message: no such element: Unable to locate element: {"method":"css selector","selector":"#menu-catalog"}
  (Session info: chrome=89.0.4389.72)

root : 2021-05-11 13:04:03,289 : conftest.py : ERROR : Message: no such element: Unable to locate element: {"method":"css selector","selector":"#menu-catalog"}
  (Session info: chrome=89.0.4389.72)
Traceback (most recent call last):
  File "/home/cg/.local/share/virtualenvs/python_selenium_qa--LezlIlg/lib/python3.9/site-packages/selenium/webdriver/support/event_firing_webdriver.py", line 157, in _dispatch
    result = getattr(self._driver, d_call)(*d_args)
  File "/home/cg/.local/share/virtualenvs/python_selenium_qa--LezlIlg/lib/python3.9/site-packages/selenium/webdriver/remote/webdriver.py", line 976, in find_element
    return self.execute(Command.FIND_ELEMENT, {
  File "/home/cg/.local/share/virtualenvs/python_selenium_qa--LezlIlg/lib/python3.9/site-packages/selenium/webdriver/remote/webdriver.py", line 321, in execute
    self.error_handler.check_response(response)
  File "/home/cg/.local/share/virtualenvs/python_selenium_qa--LezlIlg/lib/python3.9/site-packages/selenium/webdriver/remote/errorhandler.py", line 242, in check_response
    raise exception_class(message, screen, stacktrace)
selenium.common.exceptions.NoSuchElementException: Message: no such element: Unable to locate element: {"method":"css selector","selector":"#menu-catalog"}
  (Session info: chrome=89.0.4389.72)

root : 2021-05-11 13:04:04,005 : conftest.py : ERROR : Message: no such element: Unable to locate element: {"method":"css selector","selector":"#menu-catalog"}
  (Session info: chrome=89.0.4389.72)
Traceback (most recent call last):
  File "/home/cg/.local/share/virtualenvs/python_selenium_qa--LezlIlg/lib/python3.9/site-packages/selenium/webdriver/support/event_firing_webdriver.py", line 157, in _dispatch
    result = getattr(self._driver, d_call)(*d_args)
  File "/home/cg/.local/share/virtualenvs/python_selenium_qa--LezlIlg/lib/python3.9/site-packages/selenium/webdriver/remote/webdriver.py", line 976, in find_element
    return self.execute(Command.FIND_ELEMENT, {
  File "/home/cg/.local/share/virtualenvs/python_selenium_qa--LezlIlg/lib/python3.9/site-packages/selenium/webdriver/remote/webdriver.py", line 321, in execute
    self.error_handler.check_response(response)
  File "/home/cg/.local/share/virtualenvs/python_selenium_qa--LezlIlg/lib/python3.9/site-packages/selenium/webdriver/remote/errorhandler.py", line 242, in check_response
    raise exception_class(message, screen, stacktrace)
selenium.common.exceptions.NoSuchElementException: Message: no such element: Unable to locate element: {"method":"css selector","selector":"#menu-catalog"}
  (Session info: chrome=89.0.4389.72)

root : 2021-05-11 13:04:04,727 : conftest.py : ERROR : Message: no such element: Unable to locate element: {"method":"css selector","selector":"#menu-catalog"}
  (Session info: chrome=89.0.4389.72)
Traceback (most recent call last):
  File "/home/cg/.local/share/virtualenvs/python_selenium_qa--LezlIlg/lib/python3.9/site-packages/selenium/webdriver/support/event_firing_webdriver.py", line 157, in _dispatch
    result = getattr(self._driver, d_call)(*d_args)
  File "/home/cg/.local/share/virtualenvs/python_selenium_qa--LezlIlg/lib/python3.9/site-packages/selenium/webdriver/remote/webdriver.py", line 976, in find_element
    return self.execute(Command.FIND_ELEMENT, {
  File "/home/cg/.local/share/virtualenvs/python_selenium_qa--LezlIlg/lib/python3.9/site-packages/selenium/webdriver/remote/webdriver.py", line 321, in execute
    self.error_handler.check_response(response)
  File "/home/cg/.local/share/virtualenvs/python_selenium_qa--LezlIlg/lib/python3.9/site-packages/selenium/webdriver/remote/errorhandler.py", line 242, in check_response
    raise exception_class(message, screen, stacktrace)
selenium.common.exceptions.NoSuchElementException: Message: no such element: Unable to locate element: {"method":"css selector","selector":"#menu-catalog"}
  (Session info: chrome=89.0.4389.72)

root : 2021-05-11 13:04:05,442 : conftest.py : ERROR : Message: no such element: Unable to locate element: {"method":"css selector","selector":"#menu-catalog"}
  (Session info: chrome=89.0.4389.72)
Traceback (most recent call last):
  File "/home/cg/.local/share/virtualenvs/python_selenium_qa--LezlIlg/lib/python3.9/site-packages/selenium/webdriver/support/event_firing_webdriver.py", line 157, in _dispatch
    result = getattr(self._driver, d_call)(*d_args)
  File "/home/cg/.local/share/virtualenvs/python_selenium_qa--LezlIlg/lib/python3.9/site-packages/selenium/webdriver/remote/webdriver.py", line 976, in find_element
    return self.execute(Command.FIND_ELEMENT, {
  File "/home/cg/.local/share/virtualenvs/python_selenium_qa--LezlIlg/lib/python3.9/site-packages/selenium/webdriver/remote/webdriver.py", line 321, in execute
    self.error_handler.check_response(response)
  File "/home/cg/.local/share/virtualenvs/python_selenium_qa--LezlIlg/lib/python3.9/site-packages/selenium/webdriver/remote/errorhandler.py", line 242, in check_response
    raise exception_class(message, screen, stacktrace)
selenium.common.exceptions.NoSuchElementException: Message: no such element: Unable to locate element: {"method":"css selector","selector":"#menu-catalog"}
  (Session info: chrome=89.0.4389.72)

root : 2021-05-11 13:04:06,152 : conftest.py : ERROR : Message: no such element: Unable to locate element: {"method":"css selector","selector":"#menu-catalog"}
  (Session info: chrome=89.0.4389.72)
Traceback (most recent call last):
  File "/home/cg/.local/share/virtualenvs/python_selenium_qa--LezlIlg/lib/python3.9/site-packages/selenium/webdriver/support/event_firing_webdriver.py", line 157, in _dispatch
    result = getattr(self._driver, d_call)(*d_args)
  File "/home/cg/.local/share/virtualenvs/python_selenium_qa--LezlIlg/lib/python3.9/site-packages/selenium/webdriver/remote/webdriver.py", line 976, in find_element
    return self.execute(Command.FIND_ELEMENT, {
  File "/home/cg/.local/share/virtualenvs/python_selenium_qa--LezlIlg/lib/python3.9/site-packages/selenium/webdriver/remote/webdriver.py", line 321, in execute
    self.error_handler.check_response(response)
  File "/home/cg/.local/share/virtualenvs/python_selenium_qa--LezlIlg/lib/python3.9/site-packages/selenium/webdriver/remote/errorhandler.py", line 242, in check_response
    raise exception_class(message, screen, stacktrace)
selenium.common.exceptions.NoSuchElementException: Message: no such element: Unable to locate element: {"method":"css selector","selector":"#menu-catalog"}
  (Session info: chrome=89.0.4389.72)

root : 2021-05-11 13:04:06,783 : conftest.py : ERROR : Message: no such element: Unable to locate element: {"method":"css selector","selector":"#menu-catalog"}
  (Session info: chrome=89.0.4389.72)
Traceback (most recent call last):
  File "/home/cg/.local/share/virtualenvs/python_selenium_qa--LezlIlg/lib/python3.9/site-packages/selenium/webdriver/support/event_firing_webdriver.py", line 157, in _dispatch
    result = getattr(self._driver, d_call)(*d_args)
  File "/home/cg/.local/share/virtualenvs/python_selenium_qa--LezlIlg/lib/python3.9/site-packages/selenium/webdriver/remote/webdriver.py", line 976, in find_element
    return self.execute(Command.FIND_ELEMENT, {
  File "/home/cg/.local/share/virtualenvs/python_selenium_qa--LezlIlg/lib/python3.9/site-packages/selenium/webdriver/remote/webdriver.py", line 321, in execute
    self.error_handler.check_response(response)
  File "/home/cg/.local/share/virtualenvs/python_selenium_qa--LezlIlg/lib/python3.9/site-packages/selenium/webdriver/remote/errorhandler.py", line 242, in check_response
    raise exception_class(message, screen, stacktrace)
selenium.common.exceptions.NoSuchElementException: Message: no such element: Unable to locate element: {"method":"css selector","selector":"#menu-catalog"}
  (Session info: chrome=89.0.4389.72)

